<?xml version="1.0" encoding="UTF-8"?>
<!-- Generated by org.testng.reporters.JUnitReportReporter -->
<testsuite hostname="LAPTOP-7C7H24AF" failures="0" tests="1" name="com.Register" time="35.075" errors="0" timestamp="2023-07-21T16:38:48 IST" skipped="0">
  <testcase classname="com.Register" name="Oracle" time="35.075"/>
</testsuite> <!-- com.Register -->
