<?xml version="1.0" encoding="UTF-8"?>
<!-- Generated by org.testng.reporters.JUnitReportReporter -->
<testsuite hostname="LAPTOP-7C7H24AF" failures="0" tests="1" name="com.login" time="25.373" errors="0" timestamp="2023-07-21T16:38:48 IST" skipped="0">
  <testcase classname="com.login" name="Login" time="25.373"/>
</testsuite> <!-- com.login -->
