<?xml version="1.0" encoding="UTF-8"?>
<!-- Generated by org.testng.reporters.JUnitReportReporter -->
<testsuite hostname="LAPTOP-7C7H24AF" failures="0" tests="1" name="com.AddCart" time="2.790" errors="0" timestamp="2023-08-01T19:43:56 IST" skipped="0">
  <testcase classname="com.AddCart" name="AddCart" time="2.790"/>
</testsuite> <!-- com.AddCart -->
